Start testing: May 25 04:53 IDT
----------------------------------------------------------
1/1 Testing: mdmodel_test
1/1 Test: mdmodel_test
Command: "/home/ilan/Code/mdmodel/build/mdmodel_test"
Directory: /home/ilan/Code/mdmodel/build
"mdmodel_test" start time: May 25 04:53 IDT
Output:
----------------------------------------------------------
[doctest] doctest version is "2.5.0"
[doctest] run with "--help" for options
Processing node type: heading
Processing node type: list
Processing node type: heading
Processing node type: list
Processing node type: item
Processing node type: item
Processing node type: paragraph
Processing node type: list
Processing node type: paragraph
Parsed heading: BatteryIndicator/Type: StatedImage
Processing node type: item
Processing node type: item
Processing node type: paragraph
Processing node type: paragraph
===============================================================================
[doctest] test cases:  1 |  1 passed | 0 failed | 0 skipped
[doctest] assertions: 13 | 13 passed | 0 failed |
[doctest] Status: SUCCESS!
<end of output>
Test time =   0.01 sec
----------------------------------------------------------
Test Passed.
"mdmodel_test" end time: May 25 04:53 IDT
"mdmodel_test" time elapsed: 00:00:00
----------------------------------------------------------

End testing: May 25 04:53 IDT
